<?xml version="1.0" encoding="UTF-8"?>
<robot generator="Robot 7.1 (Python 3.12.5 on win32)" generated="2025-02-27T18:13:58.486545" rpa="false" schemaversion="5">
<suite id="s1" name="Azure-Devops-Testing" source="C:\Users\maxygd\Documents\DevOps-Test\azure-devops-testing">
<suite id="s1-s1" name="Tests" source="C:\Users\maxygd\Documents\DevOps-Test\azure-devops-testing\tests">
<suite id="s1-s1-s1" name="Kim" source="C:\Users\maxygd\Documents\DevOps-Test\azure-devops-testing\tests\kim.robot">
<test id="s1-s1-s1-t1" name="Buying Tickets For The Family" line="9">
<kw name="Setup Browser For Use" owner="keywords" type="SETUP">
<kw name="Open Browser" owner="SeleniumLibrary">
<msg time="2025-02-27T18:13:58.960174" level="INFO">Opening browser 'headlesschrome' to base url 'file://C:\Users\maxygd\Documents\DevOps-Test\azure-devops-testing/website/jurap.html'.</msg>
<arg>url=${HTML_PATH}</arg>
<arg>browser=headlesschrome</arg>
<doc>Opens a new browser instance to the optional ``url``.</doc>
<status status="PASS" start="2025-02-27T18:13:58.959173" elapsed="2.457241"/>
</kw>
<kw name="Maximize Browser Window" owner="SeleniumLibrary">
<doc>Maximizes current browser window.</doc>
<status status="PASS" start="2025-02-27T18:14:01.416414" elapsed="0.031643"/>
</kw>
<kw name="Register User" owner="keywords">
<kw name="Get Page Link" owner="BasePage">
<msg time="2025-02-27T18:14:01.449058" level="INFO">${register_link} = register-nav</msg>
<var>${register_link}</var>
<arg>register</arg>
<status status="PASS" start="2025-02-27T18:14:01.449058" elapsed="0.000000"/>
</kw>
<kw name="Click Section" owner="keywords">
<kw name="Click Element" owner="SeleniumLibrary">
<msg time="2025-02-27T18:14:01.451059" level="INFO">Clicking element 'id=register-nav'.</msg>
<arg>id=${section_link}</arg>
<doc>Click the element identified by ``locator``.</doc>
<status status="PASS" start="2025-02-27T18:14:01.450058" elapsed="0.086420"/>
</kw>
<arg>${register_link}</arg>
<status status="PASS" start="2025-02-27T18:14:01.450058" elapsed="0.086420"/>
</kw>
<kw name="Register Credentials" owner="keywords">
<kw name="Get Register Element" owner="RegisterPage">
<msg time="2025-02-27T18:14:01.536478" level="INFO">${username_element} = reg-username</msg>
<var>${username_element}</var>
<arg>username_field</arg>
<status status="PASS" start="2025-02-27T18:14:01.536478" elapsed="0.001004"/>
</kw>
<kw name="Get Register Element" owner="RegisterPage">
<msg time="2025-02-27T18:14:01.537482" level="INFO">${password_element} = reg-password</msg>
<var>${password_element}</var>
<arg>password_field</arg>
<status status="PASS" start="2025-02-27T18:14:01.537482" elapsed="0.000000"/>
</kw>
<kw name="Input Text" owner="SeleniumLibrary">
<msg time="2025-02-27T18:14:01.538483" level="INFO">Typing text 'test' into text field 'id=reg-username'.</msg>
<arg>id=${username_element}</arg>
<arg>test</arg>
<doc>Types the given ``text`` into the text field identified by ``locator``.</doc>
<status status="PASS" start="2025-02-27T18:14:01.537482" elapsed="0.095506"/>
</kw>
<kw name="Input Text" owner="SeleniumLibrary">
<msg time="2025-02-27T18:14:01.633989" level="INFO">Typing text 'test12344321' into text field 'id=reg-password'.</msg>
<arg>id=${password_element}</arg>
<arg>test12344321</arg>
<doc>Types the given ``text`` into the text field identified by ``locator``.</doc>
<status status="PASS" start="2025-02-27T18:14:01.633989" elapsed="0.088712"/>
</kw>
<kw name="Click Button" owner="SeleniumLibrary">
<msg time="2025-02-27T18:14:01.722701" level="INFO">Clicking button 'Register'.</msg>
<arg>Register</arg>
<doc>Clicks the button identified by ``locator``.</doc>
<status status="PASS" start="2025-02-27T18:14:01.722701" elapsed="0.057438"/>
</kw>
<status status="PASS" start="2025-02-27T18:14:01.536478" elapsed="0.244664"/>
</kw>
<status status="PASS" start="2025-02-27T18:14:01.448057" elapsed="0.333085"/>
</kw>
<kw name="Sleep" owner="BuiltIn">
<msg time="2025-02-27T18:14:03.781692" level="INFO">Slept 2 seconds.</msg>
<arg>2s</arg>
<doc>Pauses the test executed for the given time.</doc>
<status status="PASS" start="2025-02-27T18:14:01.781142" elapsed="2.000550"/>
</kw>
<kw name="Login To Page" owner="keywords">
<kw name="Get Login Element" owner="LoginPage">
<msg time="2025-02-27T18:14:03.782711" level="INFO">${username_element} = login-username</msg>
<var>${username_element}</var>
<arg>username_field</arg>
<status status="PASS" start="2025-02-27T18:14:03.782711" elapsed="0.000000"/>
</kw>
<kw name="Get Login Element" owner="LoginPage">
<msg time="2025-02-27T18:14:03.782711" level="INFO">${password_element} = login-password</msg>
<var>${password_element}</var>
<arg>password_field</arg>
<status status="PASS" start="2025-02-27T18:14:03.782711" elapsed="0.001023"/>
</kw>
<kw name="Input Text" owner="SeleniumLibrary">
<msg time="2025-02-27T18:14:03.783734" level="INFO">Typing text 'test' into text field 'id=login-username'.</msg>
<arg>id=${username_element}</arg>
<arg>test</arg>
<doc>Types the given ``text`` into the text field identified by ``locator``.</doc>
<status status="PASS" start="2025-02-27T18:14:03.783734" elapsed="0.066914"/>
</kw>
<kw name="Input Text" owner="SeleniumLibrary">
<msg time="2025-02-27T18:14:03.851648" level="INFO">Typing text 'test12344321' into text field 'id=login-password'.</msg>
<arg>id=${password_element}</arg>
<arg>test12344321</arg>
<doc>Types the given ``text`` into the text field identified by ``locator``.</doc>
<status status="PASS" start="2025-02-27T18:14:03.851648" elapsed="0.070672"/>
</kw>
<kw name="Click Button" owner="SeleniumLibrary">
<msg time="2025-02-27T18:14:03.923400" level="INFO">Clicking button 'Login'.</msg>
<arg>Login</arg>
<doc>Clicks the button identified by ``locator``.</doc>
<status status="PASS" start="2025-02-27T18:14:03.922850" elapsed="0.062352"/>
</kw>
<status status="PASS" start="2025-02-27T18:14:03.781692" elapsed="0.203510"/>
</kw>
<kw name="Sleep" owner="BuiltIn">
<msg time="2025-02-27T18:14:06.986609" level="INFO">Slept 3 seconds.</msg>
<arg>3s</arg>
<doc>Pauses the test executed for the given time.</doc>
<status status="PASS" start="2025-02-27T18:14:03.985202" elapsed="3.001407"/>
</kw>
<status status="PASS" start="2025-02-27T18:13:58.958171" elapsed="8.028438"/>
</kw>
<kw name="Given I want to buy weekend tickets for a family of four" owner="kim_keywords">
<kw name="Title Should Be" owner="SeleniumLibrary">
<msg time="2025-02-27T18:14:06.993616" level="INFO">Page title is 'Jura-Stina-Kalle Park'.</msg>
<arg>title=Jura-Stina-Kalle Park</arg>
<doc>Verifies that the current page title equals ``title``.</doc>
<status status="PASS" start="2025-02-27T18:14:06.988617" elapsed="0.004999"/>
</kw>
<tag>kim-tickets</tag>
<status status="PASS" start="2025-02-27T18:14:06.986609" elapsed="0.007007"/>
</kw>
<kw name="When I add the tickets to my cart" owner="kim_keywords">
<kw name="Buy 2 adult vip Tickets" owner="keywords" source_name="Buy ${amount} ${ticket_type} ${ticket_category} Tickets">
<kw name="Get Ticket Element" owner="BuyTicketsPage">
<msg time="2025-02-27T18:14:06.997616" level="INFO">${ticket_type} = #ticket-type &gt; option:nth-child(1)</msg>
<var>${ticket_type}</var>
<arg>${ticket_type}</arg>
<status status="PASS" start="2025-02-27T18:14:06.996615" elapsed="0.001001"/>
</kw>
<kw name="Get Ticket Element" owner="BuyTicketsPage">
<msg time="2025-02-27T18:14:06.997616" level="INFO">${ticket_category} = #ticket-category &gt; option:nth-child(2)</msg>
<var>${ticket_category}</var>
<arg>${ticket_category}</arg>
<status status="PASS" start="2025-02-27T18:14:06.997616" elapsed="0.000000"/>
</kw>
<kw name="Get Page Link" owner="BasePage">
<msg time="2025-02-27T18:14:06.998618" level="INFO">${ticket_link} = tickets-nav</msg>
<var>${ticket_link}</var>
<arg>buy_tickets</arg>
<status status="PASS" start="2025-02-27T18:14:06.997616" elapsed="0.001002"/>
</kw>
<kw name="Get Ticket Element" owner="BuyTicketsPage">
<msg time="2025-02-27T18:14:06.998618" level="INFO">${amount_input} = ticket-quantity</msg>
<var>${amount_input}</var>
<arg>amount</arg>
<status status="PASS" start="2025-02-27T18:14:06.998618" elapsed="0.000000"/>
</kw>
<kw name="Click Section" owner="keywords">
<kw name="Click Element" owner="SeleniumLibrary">
<msg time="2025-02-27T18:14:06.999618" level="INFO">Clicking element 'id=tickets-nav'.</msg>
<arg>id=${section_link}</arg>
<doc>Click the element identified by ``locator``.</doc>
<status status="PASS" start="2025-02-27T18:14:06.999618" elapsed="0.047664"/>
</kw>
<arg>${ticket_link}</arg>
<status status="PASS" start="2025-02-27T18:14:06.999618" elapsed="0.047664"/>
</kw>
<kw name="Click Element" owner="SeleniumLibrary">
<msg time="2025-02-27T18:14:07.048283" level="INFO">Clicking element 'css:#ticket-type &gt; option:nth-child(1)'.</msg>
<arg>css:${ticket_type}</arg>
<doc>Click the element identified by ``locator``.</doc>
<status status="PASS" start="2025-02-27T18:14:07.048283" elapsed="0.033660"/>
</kw>
<kw name="Click Element" owner="SeleniumLibrary">
<msg time="2025-02-27T18:14:07.082929" level="INFO">Clicking element 'css:#ticket-category &gt; option:nth-child(2)'.</msg>
<arg>css:${ticket_category}</arg>
<doc>Click the element identified by ``locator``.</doc>
<status status="PASS" start="2025-02-27T18:14:07.081943" elapsed="0.019192"/>
</kw>
<kw name="Clear Element Text" owner="SeleniumLibrary">
<arg>id:${amount_input}</arg>
<doc>Clears the value of the text-input-element identified by ``locator``.</doc>
<status status="PASS" start="2025-02-27T18:14:07.101135" elapsed="0.025154"/>
</kw>
<kw name="Input Text" owner="SeleniumLibrary">
<msg time="2025-02-27T18:14:07.127291" level="INFO">Typing text '2' into text field 'id:ticket-quantity'.</msg>
<arg>id:${amount_input}</arg>
<arg>${amount}</arg>
<doc>Types the given ``text`` into the text field identified by ``locator``.</doc>
<status status="PASS" start="2025-02-27T18:14:07.126289" elapsed="0.063933"/>
</kw>
<kw name="Click Button" owner="SeleniumLibrary">
<msg time="2025-02-27T18:14:07.191220" level="INFO">Clicking button 'Add to Cart'.</msg>
<arg>Add to Cart</arg>
<doc>Clicks the button identified by ``locator``.</doc>
<status status="PASS" start="2025-02-27T18:14:07.190222" elapsed="0.061091"/>
</kw>
<status status="PASS" start="2025-02-27T18:14:06.996615" elapsed="0.254698"/>
</kw>
<kw name="Handle Alert" owner="SeleniumLibrary">
<msg time="2025-02-27T18:14:07.251313" level="INFO">HANDLE::&lt;class 'NoneType'&gt;::None</msg>
<doc>Handles the current alert and returns its message.</doc>
<status status="PASS" start="2025-02-27T18:14:07.251313" elapsed="0.005000"/>
</kw>
<kw name="Buy 2 child vip Tickets" owner="keywords" source_name="Buy ${amount} ${ticket_type} ${ticket_category} Tickets">
<kw name="Get Ticket Element" owner="BuyTicketsPage">
<msg time="2025-02-27T18:14:07.258313" level="INFO">${ticket_type} = #ticket-type &gt; option:nth-child(2)</msg>
<var>${ticket_type}</var>
<arg>${ticket_type}</arg>
<status status="PASS" start="2025-02-27T18:14:07.258313" elapsed="0.000999"/>
</kw>
<kw name="Get Ticket Element" owner="BuyTicketsPage">
<msg time="2025-02-27T18:14:07.259312" level="INFO">${ticket_category} = #ticket-category &gt; option:nth-child(2)</msg>
<var>${ticket_category}</var>
<arg>${ticket_category}</arg>
<status status="PASS" start="2025-02-27T18:14:07.259312" elapsed="0.000999"/>
</kw>
<kw name="Get Page Link" owner="BasePage">
<msg time="2025-02-27T18:14:07.261372" level="INFO">${ticket_link} = tickets-nav</msg>
<var>${ticket_link}</var>
<arg>buy_tickets</arg>
<status status="PASS" start="2025-02-27T18:14:07.260311" elapsed="0.001061"/>
</kw>
<kw name="Get Ticket Element" owner="BuyTicketsPage">
<msg time="2025-02-27T18:14:07.261372" level="INFO">${amount_input} = ticket-quantity</msg>
<var>${amount_input}</var>
<arg>amount</arg>
<status status="PASS" start="2025-02-27T18:14:07.261372" elapsed="0.000000"/>
</kw>
<kw name="Click Section" owner="keywords">
<kw name="Click Element" owner="SeleniumLibrary">
<msg time="2025-02-27T18:14:07.262373" level="INFO">Clicking element 'id=tickets-nav'.</msg>
<arg>id=${section_link}</arg>
<doc>Click the element identified by ``locator``.</doc>
<status status="PASS" start="2025-02-27T18:14:07.262373" elapsed="0.041524"/>
</kw>
<arg>${ticket_link}</arg>
<status status="PASS" start="2025-02-27T18:14:07.262373" elapsed="0.042528"/>
</kw>
<kw name="Click Element" owner="SeleniumLibrary">
<msg time="2025-02-27T18:14:07.305899" level="INFO">Clicking element 'css:#ticket-type &gt; option:nth-child(2)'.</msg>
<arg>css:${ticket_type}</arg>
<doc>Click the element identified by ``locator``.</doc>
<status status="PASS" start="2025-02-27T18:14:07.304901" elapsed="0.019998"/>
</kw>
<kw name="Click Element" owner="SeleniumLibrary">
<msg time="2025-02-27T18:14:07.325898" level="INFO">Clicking element 'css:#ticket-category &gt; option:nth-child(2)'.</msg>
<arg>css:${ticket_category}</arg>
<doc>Click the element identified by ``locator``.</doc>
<status status="PASS" start="2025-02-27T18:14:07.325898" elapsed="0.015189"/>
</kw>
<kw name="Clear Element Text" owner="SeleniumLibrary">
<arg>id:${amount_input}</arg>
<doc>Clears the value of the text-input-element identified by ``locator``.</doc>
<status status="PASS" start="2025-02-27T18:14:07.341087" elapsed="0.023185"/>
</kw>
<kw name="Input Text" owner="SeleniumLibrary">
<msg time="2025-02-27T18:14:07.365281" level="INFO">Typing text '2' into text field 'id:ticket-quantity'.</msg>
<arg>id:${amount_input}</arg>
<arg>${amount}</arg>
<doc>Types the given ``text`` into the text field identified by ``locator``.</doc>
<status status="PASS" start="2025-02-27T18:14:07.365281" elapsed="0.046957"/>
</kw>
<kw name="Click Button" owner="SeleniumLibrary">
<msg time="2025-02-27T18:14:07.413229" level="INFO">Clicking button 'Add to Cart'.</msg>
<arg>Add to Cart</arg>
<doc>Clicks the button identified by ``locator``.</doc>
<status status="PASS" start="2025-02-27T18:14:07.412238" elapsed="0.047126"/>
</kw>
<status status="PASS" start="2025-02-27T18:14:07.257313" elapsed="0.202051"/>
</kw>
<status status="PASS" start="2025-02-27T18:14:06.994618" elapsed="0.464746"/>
</kw>
<kw name="Then I should get confirmation that the tickets are added to cart" owner="kim_keywords">
<kw name="Handle Alert" owner="SeleniumLibrary">
<msg time="2025-02-27T18:14:07.462860" level="INFO">HANDLE::&lt;class 'NoneType'&gt;::None</msg>
<msg time="2025-02-27T18:14:07.466862" level="INFO">${message} = Item added to cart!</msg>
<var>${message}</var>
<doc>Handles the current alert and returns its message.</doc>
<status status="PASS" start="2025-02-27T18:14:07.462860" elapsed="0.005002"/>
</kw>
<kw name="Should Be Equal" owner="BuiltIn">
<arg>${message}</arg>
<arg>Item added to cart!</arg>
<doc>Fails if the given objects are unequal.</doc>
<status status="PASS" start="2025-02-27T18:14:07.467862" elapsed="0.001012"/>
</kw>
<status status="PASS" start="2025-02-27T18:14:07.461893" elapsed="0.006981"/>
</kw>
<kw name="Close Browser" owner="SeleniumLibrary" type="TEARDOWN">
<doc>Closes the current browser.</doc>
<status status="PASS" start="2025-02-27T18:14:07.469869" elapsed="2.175652"/>
</kw>
<status status="PASS" start="2025-02-27T18:13:58.957171" elapsed="10.688350"/>
</test>
<test id="s1-s1-s1-t2" name="Buying Safari Tickets For The Family" line="14">
<kw name="Setup Browser For Use" owner="keywords" type="SETUP">
<kw name="Open Browser" owner="SeleniumLibrary">
<msg time="2025-02-27T18:14:09.649528" level="INFO">Opening browser 'headlesschrome' to base url 'file://C:\Users\maxygd\Documents\DevOps-Test\azure-devops-testing/website/jurap.html'.</msg>
<arg>url=${HTML_PATH}</arg>
<arg>browser=headlesschrome</arg>
<doc>Opens a new browser instance to the optional ``url``.</doc>
<status status="PASS" start="2025-02-27T18:14:09.648528" elapsed="1.586623"/>
</kw>
<kw name="Maximize Browser Window" owner="SeleniumLibrary">
<doc>Maximizes current browser window.</doc>
<status status="PASS" start="2025-02-27T18:14:11.236150" elapsed="0.023084"/>
</kw>
<kw name="Register User" owner="keywords">
<kw name="Get Page Link" owner="BasePage">
<msg time="2025-02-27T18:14:11.261232" level="INFO">${register_link} = register-nav</msg>
<var>${register_link}</var>
<arg>register</arg>
<status status="PASS" start="2025-02-27T18:14:11.261232" elapsed="0.001004"/>
</kw>
<kw name="Click Section" owner="keywords">
<kw name="Click Element" owner="SeleniumLibrary">
<msg time="2025-02-27T18:14:11.263234" level="INFO">Clicking element 'id=register-nav'.</msg>
<arg>id=${section_link}</arg>
<doc>Click the element identified by ``locator``.</doc>
<status status="PASS" start="2025-02-27T18:14:11.263234" elapsed="0.078807"/>
</kw>
<arg>${register_link}</arg>
<status status="PASS" start="2025-02-27T18:14:11.262236" elapsed="0.079805"/>
</kw>
<kw name="Register Credentials" owner="keywords">
<kw name="Get Register Element" owner="RegisterPage">
<msg time="2025-02-27T18:14:11.343040" level="INFO">${username_element} = reg-username</msg>
<var>${username_element}</var>
<arg>username_field</arg>
<status status="PASS" start="2025-02-27T18:14:11.343040" elapsed="0.001001"/>
</kw>
<kw name="Get Register Element" owner="RegisterPage">
<msg time="2025-02-27T18:14:11.345040" level="INFO">${password_element} = reg-password</msg>
<var>${password_element}</var>
<arg>password_field</arg>
<status status="PASS" start="2025-02-27T18:14:11.344041" elapsed="0.000999"/>
</kw>
<kw name="Input Text" owner="SeleniumLibrary">
<msg time="2025-02-27T18:14:11.346043" level="INFO">Typing text 'test' into text field 'id=reg-username'.</msg>
<arg>id=${username_element}</arg>
<arg>test</arg>
<doc>Types the given ``text`` into the text field identified by ``locator``.</doc>
<status status="PASS" start="2025-02-27T18:14:11.345040" elapsed="0.074418"/>
</kw>
<kw name="Input Text" owner="SeleniumLibrary">
<msg time="2025-02-27T18:14:11.420452" level="INFO">Typing text 'test12344321' into text field 'id=reg-password'.</msg>
<arg>id=${password_element}</arg>
<arg>test12344321</arg>
<doc>Types the given ``text`` into the text field identified by ``locator``.</doc>
<status status="PASS" start="2025-02-27T18:14:11.420452" elapsed="0.053107"/>
</kw>
<kw name="Click Button" owner="SeleniumLibrary">
<msg time="2025-02-27T18:14:11.475560" level="INFO">Clicking button 'Register'.</msg>
<arg>Register</arg>
<doc>Clicks the button identified by ``locator``.</doc>
<status status="PASS" start="2025-02-27T18:14:11.474565" elapsed="0.073724"/>
</kw>
<status status="PASS" start="2025-02-27T18:14:11.342041" elapsed="0.206248"/>
</kw>
<status status="PASS" start="2025-02-27T18:14:11.260236" elapsed="0.288053"/>
</kw>
<kw name="Sleep" owner="BuiltIn">
<msg time="2025-02-27T18:14:13.549683" level="INFO">Slept 2 seconds.</msg>
<arg>2s</arg>
<doc>Pauses the test executed for the given time.</doc>
<status status="PASS" start="2025-02-27T18:14:11.549290" elapsed="2.000910"/>
</kw>
<kw name="Login To Page" owner="keywords">
<kw name="Get Login Element" owner="LoginPage">
<msg time="2025-02-27T18:14:13.551208" level="INFO">${username_element} = login-username</msg>
<var>${username_element}</var>
<arg>username_field</arg>
<status status="PASS" start="2025-02-27T18:14:13.551208" elapsed="0.001002"/>
</kw>
<kw name="Get Login Element" owner="LoginPage">
<msg time="2025-02-27T18:14:13.552210" level="INFO">${password_element} = login-password</msg>
<var>${password_element}</var>
<arg>password_field</arg>
<status status="PASS" start="2025-02-27T18:14:13.552210" elapsed="0.001000"/>
</kw>
<kw name="Input Text" owner="SeleniumLibrary">
<msg time="2025-02-27T18:14:13.553210" level="INFO">Typing text 'test' into text field 'id=login-username'.</msg>
<arg>id=${username_element}</arg>
<arg>test</arg>
<doc>Types the given ``text`` into the text field identified by ``locator``.</doc>
<status status="PASS" start="2025-02-27T18:14:13.553210" elapsed="0.064576"/>
</kw>
<kw name="Input Text" owner="SeleniumLibrary">
<msg time="2025-02-27T18:14:13.618788" level="INFO">Typing text 'test12344321' into text field 'id=login-password'.</msg>
<arg>id=${password_element}</arg>
<arg>test12344321</arg>
<doc>Types the given ``text`` into the text field identified by ``locator``.</doc>
<status status="PASS" start="2025-02-27T18:14:13.617786" elapsed="0.055332"/>
</kw>
<kw name="Click Button" owner="SeleniumLibrary">
<msg time="2025-02-27T18:14:13.674121" level="INFO">Clicking button 'Login'.</msg>
<arg>Login</arg>
<doc>Clicks the button identified by ``locator``.</doc>
<status status="PASS" start="2025-02-27T18:14:13.673118" elapsed="0.067429"/>
</kw>
<status status="PASS" start="2025-02-27T18:14:13.550200" elapsed="0.190347"/>
</kw>
<kw name="Sleep" owner="BuiltIn">
<msg time="2025-02-27T18:14:16.740621" level="INFO">Slept 3 seconds.</msg>
<arg>3s</arg>
<doc>Pauses the test executed for the given time.</doc>
<status status="PASS" start="2025-02-27T18:14:13.740547" elapsed="3.000074"/>
</kw>
<status status="PASS" start="2025-02-27T18:14:09.648528" elapsed="7.093107"/>
</kw>
<kw name="Given I want to buy weekend safari tickets for a family of four" owner="kim_keywords">
<kw name="Title Should Be" owner="SeleniumLibrary">
<msg time="2025-02-27T18:14:16.747493" level="INFO">Page title is 'Jura-Stina-Kalle Park'.</msg>
<arg>title=Jura-Stina-Kalle Park</arg>
<doc>Verifies that the current page title equals ``title``.</doc>
<status status="PASS" start="2025-02-27T18:14:16.742630" elapsed="0.005875"/>
</kw>
<tag>kim-safari</tag>
<status status="PASS" start="2025-02-27T18:14:16.741635" elapsed="0.006870"/>
</kw>
<kw name="And I have added vip entry tickets to my cart" owner="kim_keywords">
<kw name="Buy 2 adult vip Tickets" owner="keywords" source_name="Buy ${amount} ${ticket_type} ${ticket_category} Tickets">
<kw name="Get Ticket Element" owner="BuyTicketsPage">
<msg time="2025-02-27T18:14:16.750504" level="INFO">${ticket_type} = #ticket-type &gt; option:nth-child(1)</msg>
<var>${ticket_type}</var>
<arg>${ticket_type}</arg>
<status status="PASS" start="2025-02-27T18:14:16.750504" elapsed="0.001001"/>
</kw>
<kw name="Get Ticket Element" owner="BuyTicketsPage">
<msg time="2025-02-27T18:14:16.751505" level="INFO">${ticket_category} = #ticket-category &gt; option:nth-child(2)</msg>
<var>${ticket_category}</var>
<arg>${ticket_category}</arg>
<status status="PASS" start="2025-02-27T18:14:16.751505" elapsed="0.000000"/>
</kw>
<kw name="Get Page Link" owner="BasePage">
<msg time="2025-02-27T18:14:16.751505" level="INFO">${ticket_link} = tickets-nav</msg>
<var>${ticket_link}</var>
<arg>buy_tickets</arg>
<status status="PASS" start="2025-02-27T18:14:16.751505" elapsed="0.000999"/>
</kw>
<kw name="Get Ticket Element" owner="BuyTicketsPage">
<msg time="2025-02-27T18:14:16.752504" level="INFO">${amount_input} = ticket-quantity</msg>
<var>${amount_input}</var>
<arg>amount</arg>
<status status="PASS" start="2025-02-27T18:14:16.752504" elapsed="0.000000"/>
</kw>
<kw name="Click Section" owner="keywords">
<kw name="Click Element" owner="SeleniumLibrary">
<msg time="2025-02-27T18:14:16.753506" level="INFO">Clicking element 'id=tickets-nav'.</msg>
<arg>id=${section_link}</arg>
<doc>Click the element identified by ``locator``.</doc>
<status status="PASS" start="2025-02-27T18:14:16.752504" elapsed="0.048207"/>
</kw>
<arg>${ticket_link}</arg>
<status status="PASS" start="2025-02-27T18:14:16.752504" elapsed="0.048207"/>
</kw>
<kw name="Click Element" owner="SeleniumLibrary">
<msg time="2025-02-27T18:14:16.800711" level="INFO">Clicking element 'css:#ticket-type &gt; option:nth-child(1)'.</msg>
<arg>css:${ticket_type}</arg>
<doc>Click the element identified by ``locator``.</doc>
<status status="PASS" start="2025-02-27T18:14:16.800711" elapsed="0.041826"/>
</kw>
<kw name="Click Element" owner="SeleniumLibrary">
<msg time="2025-02-27T18:14:16.842537" level="INFO">Clicking element 'css:#ticket-category &gt; option:nth-child(2)'.</msg>
<arg>css:${ticket_category}</arg>
<doc>Click the element identified by ``locator``.</doc>
<status status="PASS" start="2025-02-27T18:14:16.842537" elapsed="0.019392"/>
</kw>
<kw name="Clear Element Text" owner="SeleniumLibrary">
<arg>id:${amount_input}</arg>
<doc>Clears the value of the text-input-element identified by ``locator``.</doc>
<status status="PASS" start="2025-02-27T18:14:16.861929" elapsed="0.022729"/>
</kw>
<kw name="Input Text" owner="SeleniumLibrary">
<msg time="2025-02-27T18:14:16.885660" level="INFO">Typing text '2' into text field 'id:ticket-quantity'.</msg>
<arg>id:${amount_input}</arg>
<arg>${amount}</arg>
<doc>Types the given ``text`` into the text field identified by ``locator``.</doc>
<status status="PASS" start="2025-02-27T18:14:16.885660" elapsed="0.042204"/>
</kw>
<kw name="Click Button" owner="SeleniumLibrary">
<msg time="2025-02-27T18:14:16.928863" level="INFO">Clicking button 'Add to Cart'.</msg>
<arg>Add to Cart</arg>
<doc>Clicks the button identified by ``locator``.</doc>
<status status="PASS" start="2025-02-27T18:14:16.928863" elapsed="0.063633"/>
</kw>
<status status="PASS" start="2025-02-27T18:14:16.750504" elapsed="0.241992"/>
</kw>
<kw name="Handle Alert" owner="SeleniumLibrary">
<msg time="2025-02-27T18:14:16.993496" level="INFO">HANDLE::&lt;class 'NoneType'&gt;::None</msg>
<doc>Handles the current alert and returns its message.</doc>
<status status="PASS" start="2025-02-27T18:14:16.992496" elapsed="0.006091"/>
</kw>
<kw name="Buy 2 child vip Tickets" owner="keywords" source_name="Buy ${amount} ${ticket_type} ${ticket_category} Tickets">
<kw name="Get Ticket Element" owner="BuyTicketsPage">
<msg time="2025-02-27T18:14:17.000588" level="INFO">${ticket_type} = #ticket-type &gt; option:nth-child(2)</msg>
<var>${ticket_type}</var>
<arg>${ticket_type}</arg>
<status status="PASS" start="2025-02-27T18:14:17.000588" elapsed="0.000998"/>
</kw>
<kw name="Get Ticket Element" owner="BuyTicketsPage">
<msg time="2025-02-27T18:14:17.001586" level="INFO">${ticket_category} = #ticket-category &gt; option:nth-child(2)</msg>
<var>${ticket_category}</var>
<arg>${ticket_category}</arg>
<status status="PASS" start="2025-02-27T18:14:17.001586" elapsed="0.001001"/>
</kw>
<kw name="Get Page Link" owner="BasePage">
<msg time="2025-02-27T18:14:17.002587" level="INFO">${ticket_link} = tickets-nav</msg>
<var>${ticket_link}</var>
<arg>buy_tickets</arg>
<status status="PASS" start="2025-02-27T18:14:17.002587" elapsed="0.001000"/>
</kw>
<kw name="Get Ticket Element" owner="BuyTicketsPage">
<msg time="2025-02-27T18:14:17.003587" level="INFO">${amount_input} = ticket-quantity</msg>
<var>${amount_input}</var>
<arg>amount</arg>
<status status="PASS" start="2025-02-27T18:14:17.003587" elapsed="0.001450"/>
</kw>
<kw name="Click Section" owner="keywords">
<kw name="Click Element" owner="SeleniumLibrary">
<msg time="2025-02-27T18:14:17.006248" level="INFO">Clicking element 'id=tickets-nav'.</msg>
<arg>id=${section_link}</arg>
<doc>Click the element identified by ``locator``.</doc>
<status status="PASS" start="2025-02-27T18:14:17.005037" elapsed="0.047010"/>
</kw>
<arg>${ticket_link}</arg>
<status status="PASS" start="2025-02-27T18:14:17.005037" elapsed="0.047010"/>
</kw>
<kw name="Click Element" owner="SeleniumLibrary">
<msg time="2025-02-27T18:14:17.053070" level="INFO">Clicking element 'css:#ticket-type &gt; option:nth-child(2)'.</msg>
<arg>css:${ticket_type}</arg>
<doc>Click the element identified by ``locator``.</doc>
<status status="PASS" start="2025-02-27T18:14:17.053070" elapsed="0.020011"/>
</kw>
<kw name="Click Element" owner="SeleniumLibrary">
<msg time="2025-02-27T18:14:17.074082" level="INFO">Clicking element 'css:#ticket-category &gt; option:nth-child(2)'.</msg>
<arg>css:${ticket_category}</arg>
<doc>Click the element identified by ``locator``.</doc>
<status status="PASS" start="2025-02-27T18:14:17.074082" elapsed="0.020908"/>
</kw>
<kw name="Clear Element Text" owner="SeleniumLibrary">
<arg>id:${amount_input}</arg>
<doc>Clears the value of the text-input-element identified by ``locator``.</doc>
<status status="PASS" start="2025-02-27T18:14:17.094990" elapsed="0.033106"/>
</kw>
<kw name="Input Text" owner="SeleniumLibrary">
<msg time="2025-02-27T18:14:17.129153" level="INFO">Typing text '2' into text field 'id:ticket-quantity'.</msg>
<arg>id:${amount_input}</arg>
<arg>${amount}</arg>
<doc>Types the given ``text`` into the text field identified by ``locator``.</doc>
<status status="PASS" start="2025-02-27T18:14:17.128626" elapsed="0.064097"/>
</kw>
<kw name="Click Button" owner="SeleniumLibrary">
<msg time="2025-02-27T18:14:17.193726" level="INFO">Clicking button 'Add to Cart'.</msg>
<arg>Add to Cart</arg>
<doc>Clicks the button identified by ``locator``.</doc>
<status status="PASS" start="2025-02-27T18:14:17.193726" elapsed="0.048577"/>
</kw>
<status status="PASS" start="2025-02-27T18:14:16.999588" elapsed="0.243717"/>
</kw>
<kw name="Handle Alert" owner="SeleniumLibrary">
<msg time="2025-02-27T18:14:17.243305" level="INFO">HANDLE::&lt;class 'NoneType'&gt;::None</msg>
<doc>Handles the current alert and returns its message.</doc>
<status status="PASS" start="2025-02-27T18:14:17.243305" elapsed="0.004191"/>
</kw>
<kw name="Go To Cart" owner="keywords">
<kw name="Get Page Link" owner="BasePage">
<msg time="2025-02-27T18:14:17.249495" level="INFO">${cart_page} = cart-nav</msg>
<var>${cart_page}</var>
<arg>cart</arg>
<status status="PASS" start="2025-02-27T18:14:17.249495" elapsed="0.001000"/>
</kw>
<kw name="Click Section" owner="keywords">
<kw name="Click Element" owner="SeleniumLibrary">
<msg time="2025-02-27T18:14:17.251501" level="INFO">Clicking element 'id=cart-nav'.</msg>
<arg>id=${section_link}</arg>
<doc>Click the element identified by ``locator``.</doc>
<status status="PASS" start="2025-02-27T18:14:17.250495" elapsed="0.044630"/>
</kw>
<arg>${cart_page}</arg>
<status status="PASS" start="2025-02-27T18:14:17.250495" elapsed="0.045879"/>
</kw>
<kw name="Sleep" owner="BuiltIn">
<msg time="2025-02-27T18:14:19.296958" level="INFO">Slept 2 seconds.</msg>
<arg>2s</arg>
<doc>Pauses the test executed for the given time.</doc>
<status status="PASS" start="2025-02-27T18:14:17.296374" elapsed="2.000584"/>
</kw>
<status status="PASS" start="2025-02-27T18:14:17.248496" elapsed="2.048462"/>
</kw>
<kw name="Get Cart Total" owner="keywords">
<kw name="Get Cart Element" owner="CartPage">
<msg time="2025-02-27T18:14:19.298968" level="INFO">${cart_total} = id:cart-total</msg>
<var>${cart_total}</var>
<arg>total_price</arg>
<status status="PASS" start="2025-02-27T18:14:19.297966" elapsed="0.001002"/>
</kw>
<kw name="Get Text" owner="SeleniumLibrary">
<msg time="2025-02-27T18:14:19.322929" level="INFO">${text_cart_total} = Total: $320</msg>
<var>${text_cart_total}</var>
<arg>${cart_total}</arg>
<doc>Returns the text value of the element identified by ``locator``.</doc>
<status status="PASS" start="2025-02-27T18:14:19.299534" elapsed="0.023924"/>
</kw>
<kw name="Get Single Price" owner="CartPage">
<msg time="2025-02-27T18:14:19.323990" level="INFO">${total_price} = 320</msg>
<var>${total_price}</var>
<arg>${text_cart_total}</arg>
<status status="PASS" start="2025-02-27T18:14:19.323458" elapsed="0.001070"/>
</kw>
<return>
<value>${total_price}</value>
<status status="PASS" start="2025-02-27T18:14:19.324528" elapsed="0.000522"/>
</return>
<msg time="2025-02-27T18:14:19.325050" level="INFO">${total_price} = 320</msg>
<var>${total_price}</var>
<status status="PASS" start="2025-02-27T18:14:19.297966" elapsed="0.027084"/>
</kw>
<kw name="Should Be Equal" owner="BuiltIn">
<arg>${total_price}</arg>
<arg>${320}</arg>
<doc>Fails if the given objects are unequal.</doc>
<status status="PASS" start="2025-02-27T18:14:19.325744" elapsed="0.000537"/>
</kw>
<tag>kim-safari</tag>
<status status="PASS" start="2025-02-27T18:14:16.749507" elapsed="2.577124"/>
</kw>
<kw name="Then I should be able to buy weekend safari tickets" owner="kim_keywords">
<kw name="Book weekend Safari" owner="keywords" source_name="Book ${daytype} Safari">
<kw name="Get Page Link" owner="BasePage">
<msg time="2025-02-27T18:14:19.330435" level="INFO">${safari_page} = safari-nav</msg>
<var>${safari_page}</var>
<arg>book_safari</arg>
<status status="PASS" start="2025-02-27T18:14:19.329888" elapsed="0.000547"/>